cl : command line  warning D9035: option 'Gm' has been deprecated and will be removed in a future release
  varset.cpp
C:\Users\Home\Downloads\planejador_estoque-main\PlanejadorEstoque\varset.h(11,23): warning C4996: 'std::tr1': warning STL4002: The non-Standard std::tr1 namespace and TR1-only machinery are deprecated and will be REMOVED. You can define _SILENCE_TR1_NAMESPACE_DEPRECATION_WARNING to suppress this warning.
  (compiling source file 'varset.cpp')
  
  problem.cpp
C:\Users\Home\Downloads\planejador_estoque-main\PlanejadorEstoque\varset.h(11,23): warning C4996: 'std::tr1': warning STL4002: The non-Standard std::tr1 namespace and TR1-only machinery are deprecated and will be REMOVED. You can define _SILENCE_TR1_NAMESPACE_DEPRECATION_WARNING to suppress this warning.
  (compiling source file 'problem.cpp')
  
  pnode.cpp
C:\Users\Home\Downloads\planejador_estoque-main\PlanejadorEstoque\varset.h(11,23): warning C4996: 'std::tr1': warning STL4002: The non-Standard std::tr1 namespace and TR1-only machinery are deprecated and will be REMOVED. You can define _SILENCE_TR1_NAMESPACE_DEPRECATION_WARNING to suppress this warning.
  (compiling source file 'pnode.cpp')
  
C:\Users\Home\Downloads\planejador_estoque-main\PlanejadorEstoque\pnode.h(34,20): warning C4458: declaration of 'cost' hides class member
  (compiling source file 'pnode.cpp')
  C:\Users\Home\Downloads\planejador_estoque-main\PlanejadorEstoque\pnode.h(15,7):
  see declaration of 'planners::pnode::cost'
  
C:\Users\Home\Downloads\planejador_estoque-main\PlanejadorEstoque\pnode.h(35,26): warning C4458: declaration of 'heuristics' hides class member
  (compiling source file 'pnode.cpp')
  C:\Users\Home\Downloads\planejador_estoque-main\PlanejadorEstoque\pnode.h(15,13):
  see declaration of 'planners::pnode::heuristics'
  
C:\Users\Home\Downloads\planejador_estoque-main\PlanejadorEstoque\pnode.cpp(64,37): warning C4458: declaration of 'state' hides class member
  C:\Users\Home\Downloads\planejador_estoque-main\PlanejadorEstoque\pnode.h(14,10):
  see declaration of 'planners::pnode::state'
  
C:\Users\Home\Downloads\planejador_estoque-main\PlanejadorEstoque\pnode.cpp(86,55): warning C4458: declaration of 'state' hides class member
  C:\Users\Home\Downloads\planejador_estoque-main\PlanejadorEstoque\pnode.h(14,10):
  see declaration of 'planners::pnode::state'
  
C:\Users\Home\Downloads\planejador_estoque-main\PlanejadorEstoque\pnode.cpp(101,46): warning C4458: declaration of 'state' hides class member
  C:\Users\Home\Downloads\planejador_estoque-main\PlanejadorEstoque\pnode.h(14,10):
  see declaration of 'planners::pnode::state'
  
C:\Users\Home\Downloads\planejador_estoque-main\PlanejadorEstoque\pnode.cpp(180,62): warning C4458: declaration of 'state' hides class member
  C:\Users\Home\Downloads\planejador_estoque-main\PlanejadorEstoque\pnode.h(14,10):
  see declaration of 'planners::pnode::state'
  
  planners.cpp
C:\Users\Home\Downloads\planejador_estoque-main\PlanejadorEstoque\varset.h(11,23): warning C4996: 'std::tr1': warning STL4002: The non-Standard std::tr1 namespace and TR1-only machinery are deprecated and will be REMOVED. You can define _SILENCE_TR1_NAMESPACE_DEPRECATION_WARNING to suppress this warning.
  (compiling source file 'planners.cpp')
  
C:\Users\Home\Downloads\planejador_estoque-main\PlanejadorEstoque\pnode.h(34,20): warning C4458: declaration of 'cost' hides class member
  (compiling source file 'planners.cpp')
  C:\Users\Home\Downloads\planejador_estoque-main\PlanejadorEstoque\pnode.h(15,7):
  see declaration of 'planners::pnode::cost'
  
C:\Users\Home\Downloads\planejador_estoque-main\PlanejadorEstoque\pnode.h(35,26): warning C4458: declaration of 'heuristics' hides class member
  (compiling source file 'planners.cpp')
  C:\Users\Home\Downloads\planejador_estoque-main\PlanejadorEstoque\pnode.h(15,13):
  see declaration of 'planners::pnode::heuristics'
  
C:\Users\Home\Downloads\planejador_estoque-main\PlanejadorEstoque\planners.cpp(209,81): warning C4458: declaration of 'planner' hides class member
  C:\Users\Home\Downloads\planejador_estoque-main\PlanejadorEstoque\planners.h(52,23):
  see declaration of 'planners::workerthreads::planner'
  
C:\Users\Home\Downloads\planejador_estoque-main\PlanejadorEstoque\planners.cpp(209,97): warning C4458: declaration of 'node' hides class member
  C:\Users\Home\Downloads\planejador_estoque-main\PlanejadorEstoque\planners.h(51,10):
  see declaration of 'planners::workerthreads::node'
  
  pddl.cpp
C:\Users\Home\Downloads\planejador_estoque-main\PlanejadorEstoque\varset.h(11,23): warning C4996: 'std::tr1': warning STL4002: The non-Standard std::tr1 namespace and TR1-only machinery are deprecated and will be REMOVED. You can define _SILENCE_TR1_NAMESPACE_DEPRECATION_WARNING to suppress this warning.
  (compiling source file 'pddl.cpp')
  
C:\Users\Home\Downloads\planejador_estoque-main\PlanejadorEstoque\pddl.cpp(252,8): warning C4456: declaration of 'pos' hides previous local declaration
  C:\Users\Home\Downloads\planejador_estoque-main\PlanejadorEstoque\pddl.cpp(157,7):
  see declaration of 'pos'
  
C:\Users\Home\Downloads\planejador_estoque-main\PlanejadorEstoque\pddl.cpp(360,9): warning C4456: declaration of 'p' hides previous local declaration
  C:\Users\Home\Downloads\planejador_estoque-main\PlanejadorEstoque\pddl.cpp(334,8):
  see declaration of 'p'
  
C:\Users\Home\Downloads\planejador_estoque-main\PlanejadorEstoque\pddl.cpp(369,9): warning C4456: declaration of 'p' hides previous local declaration
  C:\Users\Home\Downloads\planejador_estoque-main\PlanejadorEstoque\pddl.cpp(334,8):
  see declaration of 'p'
  
  main.cpp
C:\Users\Home\Downloads\planejador_estoque-main\PlanejadorEstoque\varset.h(11,23): warning C4996: 'std::tr1': warning STL4002: The non-Standard std::tr1 namespace and TR1-only machinery are deprecated and will be REMOVED. You can define _SILENCE_TR1_NAMESPACE_DEPRECATION_WARNING to suppress this warning.
  (compiling source file 'main.cpp')
  
C:\Users\Home\Downloads\planejador_estoque-main\PlanejadorEstoque\pnode.h(34,20): warning C4458: declaration of 'cost' hides class member
  (compiling source file 'main.cpp')
  C:\Users\Home\Downloads\planejador_estoque-main\PlanejadorEstoque\pnode.h(15,7):
  see declaration of 'planners::pnode::cost'
  
C:\Users\Home\Downloads\planejador_estoque-main\PlanejadorEstoque\pnode.h(35,26): warning C4458: declaration of 'heuristics' hides class member
  (compiling source file 'main.cpp')
  C:\Users\Home\Downloads\planejador_estoque-main\PlanejadorEstoque\pnode.h(15,13):
  see declaration of 'planners::pnode::heuristics'
  
  action.cpp
C:\Users\Home\Downloads\planejador_estoque-main\PlanejadorEstoque\varset.h(11,23): warning C4996: 'std::tr1': warning STL4002: The non-Standard std::tr1 namespace and TR1-only machinery are deprecated and will be REMOVED. You can define _SILENCE_TR1_NAMESPACE_DEPRECATION_WARNING to suppress this warning.
  (compiling source file 'action.cpp')
  
  Generating code
  Finished generating code
  PlanejadorEstoque.vcxproj -> C:\Users\Home\Downloads\planejador_estoque-main\Debug\PlanejadorEstoque.exe
